Heading north from the south with step 5", the center is at 20th panel
File for spectra & position-velocity cuts.
   0  spectra positions (HA,DEC) arcsec w.r.t. crpix
  40  position-velocity cuts HA,DEC (") & pa (degrees)
             36.8800            -87.5200            113.0000
             34.9263            -82.9175            113.0000
             32.9727            -78.3149            113.0000
             31.0190            -73.7124            113.0000
             29.0654            -69.1099            113.0000
             27.1117            -64.5074            113.0000
             25.1581            -59.9049            113.0000
             23.2044            -55.3023            113.0000
             21.2508            -50.6998            113.0000
             19.2971            -46.0973            113.0000
             17.3434            -41.4948            113.0000
             15.3898            -36.8922            113.0000
             13.4361            -32.2897            113.0000
             11.4825            -27.6872            113.0000
              9.5288            -23.0847            113.0000
              7.5752            -18.4821            113.0000
              5.6215            -13.8796            113.0000
              3.6679             -9.2771            113.0000
              1.7142             -4.6746            113.0000
             -0.2395             -0.0720            113.0000
             -2.1931              4.5305            113.0000
             -4.1468              9.1330            113.0000
             -6.1004             13.7355            113.0000
             -8.0541             18.3381            113.0000
            -10.0077             22.9406            113.0000
            -11.9614             27.5431            113.0000
            -13.9150             32.1456            113.0000
            -15.8687             36.7482            113.0000
            -17.8224             41.3507            113.0000
            -19.7760             45.9532            113.0000
            -21.7297             50.5557            113.0000
            -23.6833             55.1583            113.0000
            -25.6370             59.7608            113.0000
            -27.5906             64.3633            113.0000
            -29.5443             68.9658            113.0000
            -31.4979             73.5684            113.0000
            -33.4516             78.1709            113.0000
            -35.4053             82.7734            113.0000
            -37.3589             87.3759            113.0000
            -39.3126             91.9784            113.0000
