 H alpha and beta recombination line                                             
                                                                                 
                                                                                 
                                                                                 
                                                                                 
                                                                                 
                                                                                 
                                                                                 
   69829.560      h45alpha
   74644.560      h44alpha
   79103.867      h54 beta
   79912.660      h43alpha
   83582.478      h53 beta
   84914.400      h60gamma
   85688.400      h42alpha
   88405.699      h52 beta
   92034.450      h41alpha
   93607.329      h51 beta
   99022.960      h40alpha
   99225.210      h50 beta
  105301.860      h49 beta
  106737.363012   h39alpha
  111885.076342   h48 beta
  115274.405861   h38alpha
  205760.321471   h39beta
  210501.783477   h31alpha
  222011.768873   h38beta
  231900.941854   h30alpha
  240021.143443   h37beta
  256302.050685   h29alpha
  257635.490328   h41gamma
  260032.777724   h36beta
  276745.793183   h40gamma
  284250.588035   h28alpha
  307258.407046   h34beta

